The system is: Windows - 10.0.18362 - AMD64
Compiling the C compiler identification source file "CMakeCCompilerId.c" succeeded.
Compiler: C:/MinGW/bin/gcc.exe 
Build flags: 
Id flags:  

The output was:
0


Compilation of the C compiler identification source "CMakeCCompilerId.c" produced "a.exe"

The C compiler identification is GNU, found in "C:/Users/gaeta/Documents/HEIGVD/INF1/LABO_7/cmake-build-debug/CMakeFiles/3.15.3/CompilerIdC/a.exe"

Compiling the CXX compiler identification source file "CMakeCXXCompilerId.cpp" succeeded.
Compiler: C:/MinGW/bin/g++.exe 
Build flags: 
Id flags:  

The output was:
0


Compilation of the CXX compiler identification source "CMakeCXXCompilerId.cpp" produced "a.exe"

The CXX compiler identification is GNU, found in "C:/Users/gaeta/Documents/HEIGVD/INF1/LABO_7/cmake-build-debug/CMakeFiles/3.15.3/CompilerIdCXX/a.exe"

Determining if the C compiler works passed with the following output:
Change Dir: C:/Users/gaeta/Documents/HEIGVD/INF1/LABO_7/cmake-build-debug/CMakeFiles/CMakeTmp

Run Build Command(s):C:/MinGW/bin/mingw32-make.exe cmTC_72668/fast && C:/MinGW/bin/mingw32-make.exe -f CMakeFiles\cmTC_72668.dir\build.make CMakeFiles/cmTC_72668.dir/build
mingw32-make.exe[1]: Entering directory 'C:/Users/gaeta/Documents/HEIGVD/INF1/LABO_7/cmake-build-debug/CMakeFiles/CMakeTmp'
Building C object CMakeFiles/cmTC_72668.dir/testCCompiler.c.obj
C:\MinGW\bin\gcc.exe    -o CMakeFiles\cmTC_72668.dir\testCCompiler.c.obj   -c C:\Users\gaeta\Documents\HEIGVD\INF1\LABO_7\cmake-build-debug\CMakeFiles\CMakeTmp\testCCompiler.c
Linking C executable cmTC_72668.exe
"C:\Program Files\JetBrains\CLion 2019.2.2\bin\cmake\win\bin\cmake.exe" -E cmake_link_script CMakeFiles\cmTC_72668.dir\link.txt --verbose=1
"C:\Program Files\JetBrains\CLion 2019.2.2\bin\cmake\win\bin\cmake.exe" -E remove -f CMakeFiles\cmTC_72668.dir/objects.a
C:\MinGW\bin\ar.exe cr CMakeFiles\cmTC_72668.dir/objects.a @CMakeFiles\cmTC_72668.dir\objects1.rsp
C:\MinGW\bin\gcc.exe      -Wl,--whole-archive CMakeFiles\cmTC_72668.dir/objects.a -Wl,--no-whole-archive  -o cmTC_72668.exe -Wl,--out-implib,libcmTC_72668.dll.a -Wl,--major-image-version,0,--minor-image-version,0 @CMakeFiles\cmTC_72668.dir\linklibs.rsp
mingw32-make.exe[1]: Leaving directory 'C:/Users/gaeta/Documents/HEIGVD/INF1/LABO_7/cmake-build-debug/CMakeFiles/CMakeTmp'



Determining if the CXX compiler works passed with the following output:
Change Dir: C:/Users/gaeta/Documents/HEIGVD/INF1/LABO_7/cmake-build-debug/CMakeFiles/CMakeTmp

Run Build Command(s):C:/MinGW/bin/mingw32-make.exe cmTC_855a6/fast && C:/MinGW/bin/mingw32-make.exe -f CMakeFiles\cmTC_855a6.dir\build.make CMakeFiles/cmTC_855a6.dir/build
mingw32-make.exe[1]: Entering directory 'C:/Users/gaeta/Documents/HEIGVD/INF1/LABO_7/cmake-build-debug/CMakeFiles/CMakeTmp'
Building CXX object CMakeFiles/cmTC_855a6.dir/testCXXCompiler.cxx.obj
C:\MinGW\bin\g++.exe     -o CMakeFiles\cmTC_855a6.dir\testCXXCompiler.cxx.obj -c C:\Users\gaeta\Documents\HEIGVD\INF1\LABO_7\cmake-build-debug\CMakeFiles\CMakeTmp\testCXXCompiler.cxx
Linking CXX executable cmTC_855a6.exe
"C:\Program Files\JetBrains\CLion 2019.2.2\bin\cmake\win\bin\cmake.exe" -E cmake_link_script CMakeFiles\cmTC_855a6.dir\link.txt --verbose=1
"C:\Program Files\JetBrains\CLion 2019.2.2\bin\cmake\win\bin\cmake.exe" -E remove -f CMakeFiles\cmTC_855a6.dir/objects.a
C:\MinGW\bin\ar.exe cr CMakeFiles\cmTC_855a6.dir/objects.a @CMakeFiles\cmTC_855a6.dir\objects1.rsp
C:\MinGW\bin\g++.exe      -Wl,--whole-archive CMakeFiles\cmTC_855a6.dir/objects.a -Wl,--no-whole-archive  -o cmTC_855a6.exe -Wl,--out-implib,libcmTC_855a6.dll.a -Wl,--major-image-version,0,--minor-image-version,0 @CMakeFiles\cmTC_855a6.dir\linklibs.rsp
mingw32-make.exe[1]: Leaving directory 'C:/Users/gaeta/Documents/HEIGVD/INF1/LABO_7/cmake-build-debug/CMakeFiles/CMakeTmp'



